<?xml version="1.0" encoding="UTF-8"?>
<testng-results ignored="0" total="1" passed="1" failed="0" skipped="0">
  <reporter-output>
  </reporter-output>
  <suite started-at="2020-02-25T02:28:34 IST" name="Default suite" finished-at="2020-02-25T02:28:45 IST" duration-ms="11343">
    <groups>
    </groups>
    <test started-at="2020-02-25T02:28:34 IST" name="Default test" finished-at="2020-02-25T02:28:45 IST" duration-ms="11343">
      <class name="webPagesTestPOM.TestRedBusSearch">
        <test-method is-config="true" signature="setup()[pri:0, instance:webPagesTestPOM.TestRedBusSearch@318ba8c8]" started-at="2020-02-25T02:28:28 IST" name="setup" finished-at="2020-02-25T02:28:34 IST" duration-ms="6105" status="PASS">
          <reporter-output>
          </reporter-output>
        </test-method> <!-- setup -->
        <test-method signature="TestSearchPage()[pri:0, instance:webPagesTestPOM.TestRedBusSearch@318ba8c8]" started-at="2020-02-25T02:28:34 IST" name="TestSearchPage" finished-at="2020-02-25T02:28:45 IST" duration-ms="11293" status="PASS">
          <reporter-output>
          </reporter-output>
        </test-method> <!-- TestSearchPage -->
        <test-method is-config="true" signature="TeardownTest()[pri:0, instance:webPagesTestPOM.TestRedBusSearch@318ba8c8]" started-at="2020-02-25T02:28:45 IST" name="TeardownTest" finished-at="2020-02-25T02:28:50 IST" duration-ms="4565" status="PASS">
          <reporter-output>
          </reporter-output>
        </test-method> <!-- TeardownTest -->
      </class> <!-- webPagesTestPOM.TestRedBusSearch -->
    </test> <!-- Default test -->
  </suite> <!-- Default suite -->
</testng-results>
